0 info it worked if it ends with ok
1 verbose cli [ 'P:\\Java\\guerilla\\nodejs6\\node.exe',
1 verbose cli   'P:\\Java\\guerilla\\nodejs6\\node_modules\\npm\\bin\\npm-cli.js',
1 verbose cli   'start' ]
2 info using npm@3.10.10
3 info using node@v6.10.3
4 verbose run-script [ 'prestart', 'start', 'poststart' ]
5 info lifecycle angular-io-example@1.0.0~prestart: angular-io-example@1.0.0
6 verbose lifecycle angular-io-example@1.0.0~prestart: unsafe-perm in lifecycle true
7 verbose lifecycle angular-io-example@1.0.0~prestart: PATH: P:\Java\guerilla\nodejs6\node_modules\npm\bin\node-gyp-bin;P:\Missions_Formations\GKN\Guerilla\labs\10_A2_\before\node_modules\.bin;C:\Users\ouajih\AppData\Roaming\npm;P:\Java\guerilla\nodejs6\;C:\Program Files (x86)\EasyPHP-DevServer-14.1VC9\binaries\php\php_runningversion;C:\ProgramData\Oracle\Java\javapath;C:\Program Files\Broadcom\Broadcom 802.11;C:\Program Files (x86)\NVIDIA Corporation\PhysX\Common;C:\Program Files (x86)\Intel\iCLS Client\;C:\Program Files\Intel\iCLS Client\;C:\WINDOWS\system32;C:\WINDOWS;C:\WINDOWS\System32\Wbem;C:\WINDOWS\System32\WindowsPowerShell\v1.0\;C:\Program Files\Hewlett-Packard\SimplePass\;C:\Program Files\Intel\Intel(R) Management Engine Components\DAL;C:\Program Files (x86)\Intel\Intel(R) Management Engine Components\DAL;C:\Program Files\Intel\Intel(R) Management Engine Components\IPT;C:\Program Files (x86)\Intel\Intel(R) Management Engine Components\IPT;P:\Java\jdk7\bin;P:\Java\apache-maven-3.3.9\bin;p:\java\Git\cmd;C:\Program Files (x86)\Microsoft SQL Server\100\Tools\Binn\;C:\Program Files\Microsoft SQL Server\100\Tools\Binn\;C:\Program Files\Microsoft SQL Server\100\DTS\Binn\;C:\Program Files (x86)\Skype\Phone\;C:\Program Files\Microsoft SQL Server\130\Tools\Binn\;C:\Program Files\dotnet\;P:\Java\guerilla\nodejs6\;C:\Users\ouajih\AppData\Local\Microsoft\WindowsApps;C:\Users\ouajih\AppData\Roaming\npm
8 verbose lifecycle angular-io-example@1.0.0~prestart: CWD: P:\Missions_Formations\GKN\Guerilla\labs\10_A2_\before
9 silly lifecycle angular-io-example@1.0.0~prestart: Args: [ '/d /s /c', 'npm run build' ]
10 silly lifecycle angular-io-example@1.0.0~prestart: Returned: code: 1  signal: null
11 info lifecycle angular-io-example@1.0.0~prestart: Failed to exec prestart script
12 verbose stack Error: angular-io-example@1.0.0 prestart: `npm run build`
12 verbose stack Exit status 1
12 verbose stack     at EventEmitter.<anonymous> (P:\Java\guerilla\nodejs6\node_modules\npm\lib\utils\lifecycle.js:255:16)
12 verbose stack     at emitTwo (events.js:106:13)
12 verbose stack     at EventEmitter.emit (events.js:191:7)
12 verbose stack     at ChildProcess.<anonymous> (P:\Java\guerilla\nodejs6\node_modules\npm\lib\utils\spawn.js:40:14)
12 verbose stack     at emitTwo (events.js:106:13)
12 verbose stack     at ChildProcess.emit (events.js:191:7)
12 verbose stack     at maybeClose (internal/child_process.js:886:16)
12 verbose stack     at Process.ChildProcess._handle.onexit (internal/child_process.js:226:5)
13 verbose pkgid angular-io-example@1.0.0
14 verbose cwd P:\Missions_Formations\GKN\Guerilla\labs\10_A2_\before
15 error Windows_NT 10.0.14393
16 error argv "P:\\Java\\guerilla\\nodejs6\\node.exe" "P:\\Java\\guerilla\\nodejs6\\node_modules\\npm\\bin\\npm-cli.js" "start"
17 error node v6.10.3
18 error npm  v3.10.10
19 error code ELIFECYCLE
20 error angular-io-example@1.0.0 prestart: `npm run build`
20 error Exit status 1
21 error Failed at the angular-io-example@1.0.0 prestart script 'npm run build'.
21 error Make sure you have the latest version of node.js and npm installed.
21 error If you do, this is most likely a problem with the angular-io-example package,
21 error not with npm itself.
21 error Tell the author that this fails on your system:
21 error     npm run build
21 error You can get information on how to open an issue for this project with:
21 error     npm bugs angular-io-example
21 error Or if that isn't available, you can get their info via:
21 error     npm owner ls angular-io-example
21 error There is likely additional logging output above.
22 verbose exit [ 1, true ]
